C:\Users\vladimirov\Documents\Kontur\03\ЩОТЗ.dwg,Модель,26.05.2017 16:10:19,Vladimirov,\\ELECTRONIK\HP LaserJet 5Si,A3,1:1.0483,
C:\Users\vladimirov\Documents\Kontur\03\ЩОТЗ.dwg,Модель,26.05.2017 16:12:25,Vladimirov,\\ELECTRONIK\HP LaserJet 5Si,A3,1:1.0483,
C:\Users\vladimirov\Documents\Kontur\03\ЩВК.dwg,Модель,01.06.2017 12:38:53,Vladimirov,DWG To PDF.pc3,ISO A4 (210.00 x 297.00 мм),1:3.90811,
C:\Users\vladimirov\Documents\Kontur\03\ЩВК.dwg,Модель,01.06.2017 12:41:44,Vladimirov,DWG To PDF.pc3,ISO A0 (841.00 x 1189.00 мм),1:4.663,
C:\Users\vladimirov\Documents\Kontur\03\ЩВК.dwg,Модель,01.06.2017 12:44:31,Vladimirov,DWG To PDF.pc3,ISO A3 (297.00 x 420.00 мм),1:2.73144,
C:\Users\vladimirov\Documents\Kontur\03\ЩВК.dwg,Модель,01.06.2017 12:49:15,Vladimirov,DWG To PDF.pc3,ISO A3 (297.00 x 420.00 мм),1:2.73144,
C:\Users\vladimirov\Documents\Kontur\03\ЩВК.dwg,Модель,01.06.2017 12:51:40,Vladimirov,DWG To PDF.pc3,ISO A3 (297.00 x 420.00 мм),1:2.73144,
C:\Users\vladimirov\Documents\Kontur\03\ВРУ.dwg,Модель,01.06.2017 12:53:28,Vladimirov,DWG To PDF.pc3,ISO A4 (210.00 x 297.00 мм),1:3.97343,
C:\Users\vladimirov\Documents\Kontur\03\ВРУ.dwg,Модель,01.06.2017 12:54:18,Vladimirov,DWG To PDF.pc3,ISO A3 (297.00 x 420.00 мм),1:1.63886,
C:\Users\vladimirov\Documents\Kontur\03\ЩАО.dwg,Модель,01.06.2017 12:56:11,Vladimirov,DWG To PDF.pc3,ISO A3 (297.00 x 420.00 мм),1:1.63886,
C:\Users\vladimirov\Documents\Kontur\03\ЩГП.dwg,Модель,01.06.2017 12:59:09,Vladimirov,DWG To PDF.pc3,ISO A3 (297.00 x 420.00 мм),1:1.63886,
C:\Users\vladimirov\Documents\Kontur\03\ЩВК.dwg,Модель,01.06.2017 12:59:55,Vladimirov,DWG To PDF.pc3,ISO A3 (297.00 x 420.00 мм),1:2.73144,
C:\Users\vladimirov\Documents\Kontur\03\ЩНОР.dwg,Модель,01.06.2017 13:01:42,Vladimirov,DWG To PDF.pc3,ISO A3 (297.00 x 420.00 мм),1:1.09258,
C:\Users\vladimirov\Documents\Kontur\03\ЩО1.dwg,Модель,01.06.2017 13:02:49,Vladimirov,DWG To PDF.pc3,ISO A4 (210.00 x 297.00 мм),1:1.13614,
C:\Users\vladimirov\Documents\Kontur\03\ЩО1.dwg,Модель,01.06.2017 13:03:47,Vladimirov,DWG To PDF.pc3,ISO A4 (210.00 x 297.00 мм),1:1.13614,
C:\Users\vladimirov\Documents\Kontur\03\ЩО1.dwg,Модель,01.06.2017 13:05:10,Vladimirov,DWG To PDF.pc3,ISO A4 (210.00 x 297.00 мм),1:1,
C:\Users\vladimirov\Documents\Kontur\03\ЩО1.dwg,Модель,01.06.2017 13:06:13,Vladimirov,DWG To PDF.pc3,ISO A4 (210.00 x 297.00 мм),1:1.13614,
C:\Users\vladimirov\Documents\Kontur\03\ЩО2.dwg,Модель,01.06.2017 13:07:05,Vladimirov,DWG To PDF.pc3,ISO A4 (210.00 x 297.00 мм),1:1.13614,
C:\Users\vladimirov\Documents\Kontur\03\ЩОТЗ.dwg,Модель,01.06.2017 13:07:57,Vladimirov,DWG To PDF.pc3,ISO A3 (297.00 x 420.00 мм),1:1.09258,
C:\Users\vladimirov\Documents\Kontur\03\ЩС1.dwg,Модель,01.06.2017 13:09:00,Vladimirov,DWG To PDF.pc3,ISO A3 (297.00 x 420.00 мм),1:1.09258,
C:\Users\vladimirov\Documents\Kontur\03\ЩС2.dwg,Модель,01.06.2017 13:10:10,Vladimirov,DWG To PDF.pc3,ISO A3 (297.00 x 420.00 мм),1:1.09258,
C:\Users\vladimirov\Documents\Kontur\03\ЩХО.dwg,Модель,01.06.2017 13:11:06,Vladimirov,DWG To PDF.pc3,ISO A3 (297.00 x 420.00 мм),1:1.63886,
C:\Users\vladimirov\Documents\Kontur\03\ВРУ.dwg,Модель,05.06.2017 8:26:06,Vladimirov,DWG To PDF.pc3,ISO A3 (297.00 x 420.00 мм),1:1.63886,
C:\Users\vladimirov\Documents\Kontur\03\ЩАО.dwg,Модель,05.06.2017 8:27:00,Vladimirov,DWG To PDF.pc3,ISO A3 (297.00 x 420.00 мм),1:1.63886,
C:\Users\vladimirov\Documents\Kontur\03\ЩВК.dwg,Модель,05.06.2017 8:27:47,Vladimirov,DWG To PDF.pc3,ISO A3 (297.00 x 420.00 мм),1:2.73144,
C:\Users\vladimirov\Documents\Kontur\03\ЩГП.dwg,Модель,05.06.2017 8:29:00,Vladimirov,DWG To PDF.pc3,ISO A3 (297.00 x 420.00 мм),1:1.63886,
C:\Users\vladimirov\Documents\Kontur\03\ЩНОР.dwg,Модель,05.06.2017 8:29:23,Vladimirov,DWG To PDF.pc3,ISO A3 (297.00 x 420.00 мм),1:1.09258,
C:\Users\vladimirov\Documents\Kontur\03\ЩО1.dwg,Модель,05.06.2017 8:29:57,Vladimirov,DWG To PDF.pc3,ISO A4 (210.00 x 297.00 мм),1:1.13614,
C:\Users\vladimirov\Documents\Kontur\03\ЩО2.dwg,Модель,05.06.2017 8:30:19,Vladimirov,DWG To PDF.pc3,ISO A4 (210.00 x 297.00 мм),1:1.13614,
C:\Users\vladimirov\Documents\Kontur\03\ЩОТЗ.dwg,Модель,05.06.2017 8:30:49,Vladimirov,DWG To PDF.pc3,ISO A3 (297.00 x 420.00 мм),1:1.09258,
C:\Users\vladimirov\Documents\Kontur\03\ЩС1.dwg,Модель,05.06.2017 8:31:23,Vladimirov,DWG To PDF.pc3,ISO A3 (297.00 x 420.00 мм),1:1.09258,
C:\Users\vladimirov\Documents\Kontur\03\ЩС2.dwg,Модель,05.06.2017 8:31:43,Vladimirov,DWG To PDF.pc3,ISO A3 (297.00 x 420.00 мм),1:1.09258,
C:\Users\vladimirov\Documents\Kontur\03\ЩХО.dwg,Модель,05.06.2017 8:32:04,Vladimirov,DWG To PDF.pc3,ISO A3 (297.00 x 420.00 мм),1:1.63886,
C:\Users\vladimirov\Documents\Kontur\03\РозеточныйПлан.dwg,Модель,05.06.2017 8:36:50,Vladimirov,DWG To PDF.pc3,ISO без полей A1 (594.00 x 841.00 мм),1:102.216,
